<?xml version="1.0" encoding="UTF-8"?>
<coverage generated="1639906978">
  <project timestamp="1639906978">
    <file name="/home/runner/work/ttbot/ttbot/src/Article/Application/SummarizeArticleCommand.php">
      <class name="NachoBrito\TTBot\Article\Application\SummarizeArticleCommand" namespace="global">
        <metrics complexity="2" methods="2" coveredmethods="2" conditionals="0" coveredconditionals="0" statements="3" coveredstatements="3" elements="5" coveredelements="5"/>
      </class>
      <line num="16" type="method" name="__construct" visibility="public" complexity="1" crap="1" count="1"/>
      <line num="18" type="stmt" count="1"/>
      <line num="19" type="stmt" count="1"/>
      <line num="27" type="method" name="getArticle" visibility="public" complexity="1" crap="1" count="1"/>
      <line num="29" type="stmt" count="1"/>
      <line num="31" type="stmt" count="1"/>
      <metrics loc="30" ncloc="20" classes="1" methods="2" coveredmethods="2" conditionals="0" coveredconditionals="0" statements="3" coveredstatements="3" elements="5" coveredelements="5"/>
    </file>
    <file name="/shared/httpd/ttbot/src/Article/Application/SummarizeArticleHandler.php">
      <class name="NachoBrito\TTBot\Article\Application\SummarizeArticleHandler" namespace="global">
        <metrics complexity="2" methods="2" coveredmethods="2" conditionals="0" coveredconditionals="0" statements="7" coveredstatements="7" elements="9" coveredelements="9"/>
      </class>
      <line num="31" type="method" name="__construct" visibility="public" complexity="1" crap="1" count="1"/>
      <line num="32" type="stmt" count="1"/>
      <line num="33" type="stmt" count="1"/>
      <line num="34" type="stmt" count="1"/>
      <line num="42" type="method" name="__invoke" visibility="public" complexity="1" crap="1" count="1"/>
      <line num="44" type="stmt" count="1"/>
      <line num="45" type="stmt" count="1"/>
      <line num="46" type="stmt" count="1"/>
      <line num="47" type="stmt" count="1"/>
      <line num="48" type="stmt" count="1"/>
      <metrics loc="47" ncloc="28" classes="1" methods="2" coveredmethods="2" conditionals="0" coveredconditionals="0" statements="7" coveredstatements="7" elements="9" coveredelements="9"/>
    </file>
    <file name="/shared/httpd/ttbot/src/Article/Domain/Article.php">
      <class name="NachoBrito\TTBot\Article\Domain\Article" namespace="global">
        <metrics complexity="8" methods="8" coveredmethods="8" conditionals="0" coveredconditionals="0" statements="12" coveredstatements="12" elements="20" coveredelements="20"/>
      </class>
      <line num="29" type="method" name="getUrl" visibility="public" complexity="1" crap="1" count="1"/>
      <line num="31" type="stmt" count="1"/>
      <line num="41" type="method" name="setUrl" visibility="public" complexity="1" crap="1" count="1"/>
      <line num="43" type="stmt" count="1"/>
      <line num="45" type="stmt" count="1"/>
      <line num="53" type="method" name="getTitle" visibility="public" complexity="1" crap="1" count="1"/>
      <line num="55" type="stmt" count="1"/>
      <line num="65" type="method" name="setTitle" visibility="public" complexity="1" crap="1" count="1"/>
      <line num="67" type="stmt" count="1"/>
      <line num="69" type="stmt" count="1"/>
      <line num="77" type="method" name="getText" visibility="public" complexity="1" crap="1" count="1"/>
      <line num="79" type="stmt" count="1"/>
      <line num="89" type="method" name="setText" visibility="public" complexity="1" crap="1" count="1"/>
      <line num="91" type="stmt" count="1"/>
      <line num="93" type="stmt" count="1"/>
      <line num="101" type="method" name="getMetadata" visibility="public" complexity="1" crap="1" count="1"/>
      <line num="103" type="stmt" count="1"/>
      <line num="113" type="method" name="setMetadata" visibility="public" complexity="1" crap="1" count="1"/>
      <line num="115" type="stmt" count="1"/>
      <line num="117" type="stmt" count="1"/>
      <line num="119" type="stmt" count="1"/>
      <metrics loc="118" ncloc="58" classes="1" methods="8" coveredmethods="8" conditionals="0" coveredconditionals="0" statements="12" coveredstatements="12" elements="20" coveredelements="20"/>
    </file>
    <file name="/shared/httpd/ttbot/src/Article/Domain/ArticleLoader.php">
      <line num="7" type="stmt" count="0"/>
      <metrics loc="6" ncloc="6" classes="0" methods="0" coveredmethods="0" conditionals="0" coveredconditionals="0" statements="0" coveredstatements="0" elements="0" coveredelements="0"/>
    </file>
    <file name="/shared/httpd/ttbot/src/Article/Domain/ArticleSummarizer.php">
      <line num="7" type="stmt" count="1"/>
      <metrics loc="6" ncloc="6" classes="0" methods="0" coveredmethods="0" conditionals="0" coveredconditionals="0" statements="0" coveredstatements="0" elements="0" coveredelements="0"/>
    </file>
    <file name="/shared/httpd/ttbot/src/Article/Domain/ArticleSummary.php">
      <class name="NachoBrito\TTBot\Article\Domain\ArticleSummary" namespace="global">
        <metrics complexity="5" methods="5" coveredmethods="5" conditionals="0" coveredconditionals="0" statements="9" coveredstatements="9" elements="14" coveredelements="14"/>
      </class>
      <line num="28" type="method" name="__construct" visibility="public" complexity="1" crap="1" count="4"/>
      <line num="29" type="stmt" count="4"/>
      <line num="30" type="stmt" count="4"/>
      <line num="31" type="stmt" count="4"/>
      <line num="38" type="method" name="getArticle" visibility="public" complexity="1" crap="1" count="2"/>
      <line num="39" type="stmt" count="2"/>
      <line num="49" type="method" name="setArticle" visibility="public" complexity="1" crap="1" count="1"/>
      <line num="50" type="stmt" count="1"/>
      <line num="52" type="stmt" count="1"/>
      <line num="60" type="method" name="getSentences" visibility="public" complexity="1" crap="1" count="2"/>
      <line num="61" type="stmt" count="2"/>
      <line num="71" type="method" name="setSentences" visibility="public" complexity="1" crap="1" count="1"/>
      <line num="72" type="stmt" count="1"/>
      <line num="74" type="stmt" count="1"/>
      <metrics loc="77" ncloc="38" classes="1" methods="5" coveredmethods="5" conditionals="0" coveredconditionals="0" statements="9" coveredstatements="9" elements="14" coveredelements="14"/>
    </file>
    <file name="/shared/httpd/ttbot/src/Article/Domain/Event/ArticleSummaryCreatedEvent.php">
      <class name="NachoBrito\TTBot\Article\Domain\Event\ArticleSummaryCreatedEvent" namespace="global">
        <metrics complexity="2" methods="2" coveredmethods="2" conditionals="0" coveredconditionals="0" statements="3" coveredstatements="3" elements="5" coveredelements="5"/>
      </class>
      <line num="17" type="method" name="__construct" visibility="public" complexity="1" crap="1" count="2"/>
      <line num="19" type="stmt" count="2"/>
      <line num="20" type="stmt" count="2"/>
      <line num="27" type="method" name="getSummary" visibility="public" complexity="1" crap="1" count="1"/>
      <line num="29" type="stmt" count="1"/>
      <line num="31" type="stmt" count="1"/>
      <metrics loc="30" ncloc="21" classes="1" methods="2" coveredmethods="2" conditionals="0" coveredconditionals="0" statements="3" coveredstatements="3" elements="5" coveredelements="5"/>
    </file>
    <file name="/shared/httpd/ttbot/src/Common/Application/Error/InvalidInputException.php">
      <class name="NachoBrito\TTBot\Common\Application\Error\InvalidInputException" namespace="global">
        <metrics complexity="0" methods="0" coveredmethods="0" conditionals="0" coveredconditionals="0" statements="0" coveredstatements="0" elements="0" coveredelements="0"/>
      </class>
      <metrics loc="14" ncloc="8" classes="0" methods="0" coveredmethods="0" conditionals="0" coveredconditionals="0" statements="0" coveredstatements="0" elements="0" coveredelements="0"/>
    </file>
    <file name="/shared/httpd/ttbot/src/Common/Domain/Bus/Command/CommandBus.php">
      <metrics loc="16" ncloc="7" classes="0" methods="0" coveredmethods="0" conditionals="0" coveredconditionals="0" statements="0" coveredstatements="0" elements="0" coveredelements="0"/>
    </file>
    <file name="/shared/httpd/ttbot/src/Common/Domain/Bus/Command/CommandResolver.php">
      <metrics loc="31" ncloc="12" classes="0" methods="0" coveredmethods="0" conditionals="0" coveredconditionals="0" statements="0" coveredstatements="0" elements="0" coveredelements="0"/>
    </file>
    <file name="/shared/httpd/ttbot/src/Common/Domain/Bus/Command/InvalidCommandException.php">
      <class name="NachoBrito\TTBot\Common\Domain\Bus\Command\InvalidCommandException" namespace="global">
        <metrics complexity="0" methods="0" coveredmethods="0" conditionals="0" coveredconditionals="0" statements="0" coveredstatements="0" elements="0" coveredelements="0"/>
      </class>
      <metrics loc="12" ncloc="6" classes="0" methods="0" coveredmethods="0" conditionals="0" coveredconditionals="0" statements="0" coveredstatements="0" elements="0" coveredelements="0"/>
    </file>
    <file name="/shared/httpd/ttbot/src/Common/Domain/Bus/Command/InvalidHandlerException.php">
      <class name="NachoBrito\TTBot\Common\Domain\Bus\Command\InvalidHandlerException" namespace="global">
        <metrics complexity="0" methods="0" coveredmethods="0" conditionals="0" coveredconditionals="0" statements="0" coveredstatements="0" elements="0" coveredelements="0"/>
      </class>
      <metrics loc="12" ncloc="6" classes="0" methods="0" coveredmethods="0" conditionals="0" coveredconditionals="0" statements="0" coveredstatements="0" elements="0" coveredelements="0"/>
    </file>
    <file name="/shared/httpd/ttbot/src/Common/Domain/Bus/Command/NameCommandResolver.php">
      <class name="NachoBrito\TTBot\Common\Domain\Bus\Command\NameCommandResolver" namespace="global">
        <metrics complexity="8" methods="5" coveredmethods="5" conditionals="0" coveredconditionals="0" statements="19" coveredstatements="19" elements="24" coveredelements="24"/>
      </class>
      <line num="17" type="method" name="getHandlerClass" visibility="public" complexity="1" crap="1" count="1"/>
      <line num="18" type="stmt" count="1"/>
      <line num="20" type="stmt" count="1"/>
      <line num="22" type="stmt" count="1"/>
      <line num="24" type="stmt" count="1"/>
      <line num="34" type="method" name="validateCommandClass" visibility="private" complexity="2" crap="2" count="1"/>
      <line num="35" type="stmt" count="1"/>
      <line num="36" type="stmt" count="1"/>
      <line num="38" type="stmt" count="1"/>
      <line num="47" type="method" name="validateHandlerClass" visibility="private" complexity="2" crap="2" count="2"/>
      <line num="48" type="stmt" count="2"/>
      <line num="49" type="stmt" count="1"/>
      <line num="51" type="stmt" count="2"/>
      <line num="58" type="method" name="getCommandClass" visibility="public" complexity="1" crap="1" count="2"/>
      <line num="59" type="stmt" count="2"/>
      <line num="61" type="stmt" count="2"/>
      <line num="63" type="stmt" count="2"/>
      <line num="65" type="stmt" count="2"/>
      <line num="72" type="method" name="buildHandlersMap" visibility="public" complexity="2" crap="2" count="1"/>
      <line num="73" type="stmt" count="1"/>
      <line num="74" type="stmt" count="1"/>
      <line num="76" type="stmt" count="1"/>
      <line num="78" type="stmt" count="1"/>
      <line num="80" type="stmt" count="1"/>
      <metrics loc="84" ncloc="53" classes="1" methods="5" coveredmethods="5" conditionals="0" coveredconditionals="0" statements="19" coveredstatements="19" elements="24" coveredelements="24"/>
    </file>
    <file name="/shared/httpd/ttbot/src/Common/Domain/Bus/Event/Event.php">
      <line num="7" type="stmt" count="1"/>
      <metrics loc="6" ncloc="6" classes="0" methods="0" coveredmethods="0" conditionals="0" coveredconditionals="0" statements="0" coveredstatements="0" elements="0" coveredelements="0"/>
    </file>
    <file name="/shared/httpd/ttbot/src/Common/Domain/Bus/Event/EventBus.php">
      <line num="15" type="stmt" count="1"/>
      <metrics loc="14" ncloc="8" classes="0" methods="0" coveredmethods="0" conditionals="0" coveredconditionals="0" statements="0" coveredstatements="0" elements="0" coveredelements="0"/>
    </file>
    <file name="/shared/httpd/ttbot/src/Common/Domain/Bus/Query/InvalidHandlerException.php">
      <class name="NachoBrito\TTBot\Common\Domain\Bus\Query\InvalidHandlerException" namespace="global">
        <metrics complexity="0" methods="0" coveredmethods="0" conditionals="0" coveredconditionals="0" statements="0" coveredstatements="0" elements="0" coveredelements="0"/>
      </class>
      <metrics loc="12" ncloc="6" classes="0" methods="0" coveredmethods="0" conditionals="0" coveredconditionals="0" statements="0" coveredstatements="0" elements="0" coveredelements="0"/>
    </file>
    <file name="/shared/httpd/ttbot/src/Common/Domain/Bus/Query/InvalidQueryException.php">
      <class name="NachoBrito\TTBot\Common\Domain\Bus\Query\InvalidQueryException" namespace="global">
        <metrics complexity="0" methods="0" coveredmethods="0" conditionals="0" coveredconditionals="0" statements="0" coveredstatements="0" elements="0" coveredelements="0"/>
      </class>
      <metrics loc="12" ncloc="6" classes="0" methods="0" coveredmethods="0" conditionals="0" coveredconditionals="0" statements="0" coveredstatements="0" elements="0" coveredelements="0"/>
    </file>
    <file name="/shared/httpd/ttbot/src/Common/Domain/Bus/Query/NameQueryResolver.php">
      <class name="NachoBrito\TTBot\Common\Domain\Bus\Query\NameQueryResolver" namespace="global">
        <metrics complexity="8" methods="5" coveredmethods="5" conditionals="0" coveredconditionals="0" statements="19" coveredstatements="19" elements="24" coveredelements="24"/>
      </class>
      <line num="18" type="method" name="getHandlerClass" visibility="public" complexity="1" crap="1" count="1"/>
      <line num="19" type="stmt" count="1"/>
      <line num="21" type="stmt" count="1"/>
      <line num="23" type="stmt" count="1"/>
      <line num="25" type="stmt" count="1"/>
      <line num="35" type="method" name="validateQueryClass" visibility="private" complexity="2" crap="2" count="1"/>
      <line num="36" type="stmt" count="1"/>
      <line num="37" type="stmt" count="1"/>
      <line num="39" type="stmt" count="1"/>
      <line num="48" type="method" name="validateHandlerClass" visibility="private" complexity="2" crap="2" count="2"/>
      <line num="49" type="stmt" count="2"/>
      <line num="50" type="stmt" count="1"/>
      <line num="52" type="stmt" count="2"/>
      <line num="59" type="method" name="buildHandlersMap" visibility="public" complexity="2" crap="2" count="1"/>
      <line num="60" type="stmt" count="1"/>
      <line num="61" type="stmt" count="1"/>
      <line num="63" type="stmt" count="1"/>
      <line num="65" type="stmt" count="1"/>
      <line num="67" type="stmt" count="1"/>
      <line num="75" type="method" name="getQueryClass" visibility="public" complexity="1" crap="1" count="2"/>
      <line num="76" type="stmt" count="2"/>
      <line num="78" type="stmt" count="2"/>
      <line num="80" type="stmt" count="2"/>
      <line num="82" type="stmt" count="2"/>
      <metrics loc="85" ncloc="53" classes="1" methods="5" coveredmethods="5" conditionals="0" coveredconditionals="0" statements="19" coveredstatements="19" elements="24" coveredelements="24"/>
    </file>
    <file name="/shared/httpd/ttbot/src/Common/Domain/Bus/Query/QueryBus.php">
      <metrics loc="12" ncloc="8" classes="0" methods="0" coveredmethods="0" conditionals="0" coveredconditionals="0" statements="0" coveredstatements="0" elements="0" coveredelements="0"/>
    </file>
    <file name="/shared/httpd/ttbot/src/Common/Domain/Bus/Query/QueryResolver.php">
      <metrics loc="32" ncloc="13" classes="0" methods="0" coveredmethods="0" conditionals="0" coveredconditionals="0" statements="0" coveredstatements="0" elements="0" coveredelements="0"/>
    </file>
    <file name="/shared/httpd/ttbot/src/Common/Domain/Bus/Query/Result.php">
      <metrics loc="23" ncloc="11" classes="0" methods="0" coveredmethods="0" conditionals="0" coveredconditionals="0" statements="0" coveredstatements="0" elements="0" coveredelements="0"/>
    </file>
    <file name="/shared/httpd/ttbot/src/Common/Domain/Error/DomainException.php">
      <class name="NachoBrito\TTBot\Common\Domain\Error\DomainException" namespace="global">
        <metrics complexity="0" methods="0" coveredmethods="0" conditionals="0" coveredconditionals="0" statements="0" coveredstatements="0" elements="0" coveredelements="0"/>
      </class>
      <metrics loc="13" ncloc="8" classes="0" methods="0" coveredmethods="0" conditionals="0" coveredconditionals="0" statements="0" coveredstatements="0" elements="0" coveredelements="0"/>
    </file>
    <metrics files="22" loc="692" ncloc="388" classes="7" methods="29" coveredmethods="23" conditionals="0" coveredconditionals="0" statements="72" coveredstatements="62" elements="101" coveredelements="85"/>
  </project>
</coverage>
